<?xml version="1.0" encoding="utf-8"?><testsuites name="pytest tests"><testsuite name="pytest" errors="0" failures="0" skipped="0" tests="27" time="3.112" timestamp="2026-06-14T03:10:38.557570+00:00" hostname="agent-env-ae09f9f8-4eb6-4cb6-8200-9fd090baf9ae"><testcase classname="backend.tests.test_openjats_api" name="test_root_health" time="0.171" /><testcase classname="backend.tests.test_openjats_api" name="test_create_article" time="0.108" /><testcase classname="backend.tests.test_openjats_api" name="test_get_article" time="0.145" /><testcase classname="backend.tests.test_openjats_api" name="test_list_articles" time="0.062" /><testcase classname="backend.tests.test_openjats_api" name="test_list_articles_filters" time="0.064" /><testcase classname="backend.tests.test_openjats_api" name="test_update_article" time="0.117" /><testcase classname="backend.tests.test_openjats_api" name="test_delete_article" time="0.163" /><testcase classname="backend.tests.test_openjats_api" name="test_get_missing_article" time="0.055" /><testcase classname="backend.tests.test_openjats_api" name="test_validate_inline" time="0.053" /><testcase classname="backend.tests.test_openjats_api" name="test_validate_by_id" time="0.055" /><testcase classname="backend.tests.test_openjats_api" name="test_get_jats" time="0.072" /><testcase classname="backend.tests.test_openjats_api" name="test_get_pkp" time="0.054" /><testcase classname="backend.tests.test_openjats_api" name="test_get_crossref_xml" time="0.048" /><testcase classname="backend.tests.test_openjats_api" name="test_jats_download_disposition" time="0.053" /><testcase classname="backend.tests.test_openjats_api" name="test_get_docx" time="0.097" /><testcase classname="backend.tests.test_openjats_api" name="test_import_ris" time="0.054" /><testcase classname="backend.tests.test_openjats_api" name="test_import_bibtex" time="0.049" /><testcase classname="backend.tests.test_openjats_api" name="test_import_endnote" time="0.058" /><testcase classname="backend.tests.test_openjats_api" name="test_import_bad_format" time="0.048" /><testcase classname="backend.tests.test_openjats_api" name="test_export_bibtex" time="0.051" /><testcase classname="backend.tests.test_openjats_api" name="test_export_ris" time="0.105" /><testcase classname="backend.tests.test_openjats_api" name="test_format_refs_apa" time="0.065" /><testcase classname="backend.tests.test_openjats_api" name="test_format_refs_vancouver" time="0.050" /><testcase classname="backend.tests.test_openjats_api" name="test_template_crud" time="0.314" /><testcase classname="backend.tests.test_openjats_api" name="test_lookup_crossref" time="0.314" /><testcase classname="backend.tests.test_openjats_api" name="test_lookup_crossref_missing_doi" time="0.132" /><testcase classname="backend.tests.test_openjats_api" name="test_lookup_orcid" time="0.403" /></testsuite></testsuites>